[20:54:05.417][info] [#0:/root/.local/share/nvim/mason/packages/lua-language-server/libexec/main.lua:66]: Lua Lsp startup, root: 	/root/.local/share/nvim/mason/packages/lua-language-server/libexec
[20:54:05.417][info] [#0:/root/.local/share/nvim/mason/packages/lua-language-server/libexec/main.lua:67]: ROOT:	/root/.local/share/nvim/mason/packages/lua-language-server/libexec
[20:54:05.417][info] [#0:/root/.local/share/nvim/mason/packages/lua-language-server/libexec/main.lua:68]: LOGPATH:	/root/.local/share/nvim/mason/packages/lua-language-server/libexec/log
[20:54:05.417][info] [#0:/root/.local/share/nvim/mason/packages/lua-language-server/libexec/main.lua:69]: METAPATH:	/root/.local/share/nvim/mason/packages/lua-language-server/libexec/meta
[20:54:05.417][info] [#0:/root/.local/share/nvim/mason/packages/lua-language-server/libexec/main.lua:70]: VERSION:	3.7.3
[20:54:05.443][info] [#0:script/service/service.lua:144]: 
========= Medical Examination Report =========
    --------------- Memory ---------------
        Total: 1.336 MB
        # 00 : 1.336 MB
        # 01 : 0.000 MB
        # 02 : 0.000 MB
        # 03 : 0.000 MB
        # 04 : 0.000 MB
    --------------- Coroutine ---------------
        Total:     0
        Running:   0
        Suspended: 0
        Normal:    0
        Dead:      0
    --------------- Cache ---------------
        Total: 1
        Dead:  0
    ---------------  RPC  ---------------
        Holdon:   0
        Waiting:  0
==============================================
[20:54:05.447][info] [#0:script/client.lua:657]: Client init	{
  capabilities = {
    textDocument = {
      callHierarchy = {
        dynamicRegistration = false
      },
      codeAction = {
        codeActionLiteralSupport = {
          codeActionKind = {
            valueSet = { "", "quickfix", "refactor", "refactor.extract", "refactor.inline", "refactor.rewrite", "source", "source.organizeImports" }
          }
        },
        dataSupport = true,
        dynamicRegistration = false,
        isPreferredSupport = true,
        resolveSupport = {
          properties = { "edit" }
        }
      },
      completion = {
        completionItem = {
          commitCharactersSupport = true,
          deprecatedSupport = true,
          documentationFormat = { "markdown", "plaintext" },
          insertReplaceSupport = true,
          insertTextModeSupport = {
            valueSet = { 1, 2 }
          },
          labelDetailsSupport = true,
          preselectSupport = true,
          resolveSupport = {
            properties = { "documentation", "detail", "additionalTextEdits", "sortText", "filterText", "insertText", "textEdit", "insertTextFormat", "insertTextMode" }
          },
          snippetSupport = true,
          tagSupport = {
            valueSet = { 1 }
          }
        },
        completionItemKind = {
          valueSet = { 1, 2, 3, 4, 5, 6, 7, 8, 9, 10, 11, 12, 13, 14, 15, 16, 17, 18, 19, 20, 21, 22, 23, 24, 25 }
        },
        completionList = {
          itemDefaults = { "commitCharacters", "editRange", "insertTextFormat", "insertTextMode", "data" }
        },
        contextSupport = true,
        dynamicRegistration = false,
        insertTextMode = 1
      },
      declaration = {
        linkSupport = true
      },
      definition = {
        linkSupport = true
      },
      documentHighlight = {
        dynamicRegistration = false
      },
      documentSymbol = {
        dynamicRegistration = false,
        hierarchicalDocumentSymbolSupport = true,
        symbolKind = {
          valueSet = { 1, 2, 3, 4, 5, 6, 7, 8, 9, 10, 11, 12, 13, 14, 15, 16, 17, 18, 19, 20, 21, 22, 23, 24, 25, 26 }
        }
      },
      hover = {
        contentFormat = { "markdown", "plaintext" },
        dynamicRegistration = false
      },
      implementation = {
        linkSupport = true
      },
      publishDiagnostics = {
        relatedInformation = true,
        tagSupport = {
          valueSet = { 1, 2 }
        }
      },
      references = {
        dynamicRegistration = false
      },
      rename = {
        dynamicRegistration = false,
        prepareSupport = true
      },
      semanticTokens = {
        augmentsSyntaxTokens = true,
        dynamicRegistration = false,
        formats = { "relative" },
        multilineTokenSupport = false,
        overlappingTokenSupport = true,
        requests = {
          full = {
            delta = true
          },
          range = false
        },
        serverCancelSupport = false,
        tokenModifiers = { "declaration", "definition", "readonly", "static", "deprecated", "abstract", "async", "modification", "documentation", "defaultLibrary" },
        tokenTypes = { "namespace", "type", "class", "enum", "interface", "struct", "typeParameter", "parameter", "variable", "property", "enumMember", "event", "function", "method", "macro", "keyword", "modifier", "comment", "string", "number", "regexp", "operator", "decorator" }
      },
      signatureHelp = {
        dynamicRegistration = false,
        signatureInformation = {
          activeParameterSupport = true,
          documentationFormat = { "markdown", "plaintext" },
          parameterInformation = {
            labelOffsetSupport = true
          }
        }
      },
      synchronization = {
        didSave = true,
        dynamicRegistration = false,
        willSave = true,
        willSaveWaitUntil = true
      },
      typeDefinition = {
        linkSupport = true
      }
    },
    window = {
      showDocument = {
        support = true
      },
      showMessage = {
        messageActionItem = {
          additionalPropertiesSupport = false
        }
      },
      workDoneProgress = true
    },
    workspace = {
      applyEdit = true,
      configuration = true,
      didChangeWatchedFiles = {
        dynamicRegistration = false,
        relativePatternSupport = true
      },
      semanticTokens = {
        refreshSupport = true
      },
      symbol = {
        dynamicRegistration = false,
        hierarchicalWorkspaceSymbolSupport = true,
        symbolKind = {
          valueSet = { 1, 2, 3, 4, 5, 6, 7, 8, 9, 10, 11, 12, 13, 14, 15, 16, 17, 18, 19, 20, 21, 22, 23, 24, 25, 26 }
        }
      },
      workspaceEdit = {
        resourceOperations = { "rename", "create", "delete" }
      },
      workspaceFolders = true
    }
  },
  clientInfo = {
    name = "Neovim",
    version = "0.9.4"
  },
  initializationOptions = {},
  processId = 13551,
  rootPath = "/root/.config/nvim/lua/",
  rootUri = "file:///root/.config/nvim/lua/",
  trace = "off",
  workspaceFolders = { {
      name = "/root/.config/nvim/lua/",
      uri = "file:///root/.config/nvim/lua/"
    } }
}
[20:54:05.447][info] [#0:script/language.lua:137]: VSC language: nil
[20:54:05.447][info] [#0:script/language.lua:138]: LS  language: en-us
[20:54:05.447][info] [#0:script/workspace/workspace.lua:38]: Workspace init root: 	file:///root/.config/nvim/lua/
[20:54:05.447][info] [#0:script/workspace/workspace.lua:42]: Log path: 	/root/.local/share/nvim/mason/packages/lua-language-server/libexec/log/file_root_.config_nvim_lua_.log
[20:54:05.448][info] [#0:script/workspace/workspace.lua:48]: Workspace create: 	file:///root/.config/nvim/lua/
[20:54:05.550][info] [#0:script/provider/provider.lua:46]: Load config from client	file:///root/.config/nvim/lua/
[20:54:05.550][info] [#0:script/provider/provider.lua:47]: {
  Lua = {
    diagnostics = {
      globals = { "vim" }
    }
  }
}
[20:54:05.550][info] [#0:script/provider/provider.lua:46]: Load config from client	file:///root/.config/nvim/lua/
[20:54:05.550][info] [#0:script/provider/provider.lua:47]: {
  Lua = {
    diagnostics = {
      globals = { "vim" }
    }
  }
}
[20:54:05.550][info] [#0:script/provider/provider.lua:46]: Load config from client	file:///root/.config/nvim/lua/
[20:54:05.550][info] [#0:script/provider/provider.lua:47]: {
  Lua = {
    diagnostics = {
      globals = { "vim" }
    }
  }
}
[20:54:05.650][info] [#0:script/provider/provider.lua:61]: Load config from client	fallback
[20:54:05.651][info] [#0:script/provider/provider.lua:62]: {
  Lua = {
    diagnostics = {
      globals = { "vim" }
    }
  }
}
[20:54:05.651][info] [#0:script/provider/provider.lua:61]: Load config from client	fallback
[20:54:05.651][info] [#0:script/provider/provider.lua:62]: {
  Lua = {
    diagnostics = {
      globals = { "vim" }
    }
  }
}
[20:54:05.651][info] [#0:script/provider/provider.lua:61]: Load config from client	fallback
[20:54:05.651][info] [#0:script/provider/provider.lua:62]: {
  Lua = {
    diagnostics = {
      globals = { "vim" }
    }
  }
}
[20:54:05.752][info] [#0:script/library.lua:212]: Init builtin library at:	file:///root/.config/nvim/lua/
[20:54:05.780][info] [#0:script/plugin.lua:86]: plugin path:	/root/.config/nvim/lua
[20:54:05.780][warn] [#0:script/plugin.lua:101]: plugin not found:	/root/.config/nvim/lua
[20:54:05.780][info] [#0:script/library.lua:212]: Init builtin library at:	nil
[20:54:05.897][info] [#0:script/workspace/workspace.lua:324]: Preload start:	file:///root/.config/nvim/lua/
[20:54:05.901][info] [#0:script/workspace/workspace.lua:330]: Scan files at:	file:///root/.config/nvim/lua/
[20:54:05.902][info] [#0:script/workspace/workspace.lua:324]: Preload start:	<fallback>
[20:54:05.905][info] [#0:script/workspace/workspace.lua:353]: Scan library at:	file:///root/.local/share/nvim/mason/packages/lua-language-server/libexec/meta/Lua%205.4%20en-us%20utf8/builtin.lua
[20:54:05.905][info] [#0:script/workspace/workspace.lua:353]: Scan library at:	file:///root/.local/share/nvim/mason/packages/lua-language-server/libexec/meta/Lua%205.4%20en-us%20utf8/utf8.lua
[20:54:05.906][info] [#0:script/workspace/workspace.lua:353]: Scan library at:	file:///root/.local/share/nvim/mason/packages/lua-language-server/libexec/meta/Lua%205.4%20en-us%20utf8/debug.lua
[20:54:05.906][info] [#0:script/workspace/workspace.lua:353]: Scan library at:	file:///root/.local/share/nvim/mason/packages/lua-language-server/libexec/meta/Lua%205.4%20en-us%20utf8/string.lua
[20:54:05.907][info] [#0:script/workspace/workspace.lua:353]: Scan library at:	file:///root/.local/share/nvim/mason/packages/lua-language-server/libexec/meta/Lua%205.4%20en-us%20utf8/os.lua
[20:54:05.907][info] [#0:script/workspace/workspace.lua:353]: Scan library at:	file:///root/.local/share/nvim/mason/packages/lua-language-server/libexec/meta/Lua%205.4%20en-us%20utf8/math.lua
[20:54:05.907][info] [#0:script/workspace/workspace.lua:353]: Scan library at:	file:///root/.local/share/nvim/mason/packages/lua-language-server/libexec/meta/Lua%205.4%20en-us%20utf8/io.lua
[20:54:05.908][info] [#0:script/workspace/workspace.lua:353]: Scan library at:	file:///root/.local/share/nvim/mason/packages/lua-language-server/libexec/meta/Lua%205.4%20en-us%20utf8/package.lua
[20:54:05.908][info] [#0:script/workspace/workspace.lua:353]: Scan library at:	file:///root/.local/share/nvim/mason/packages/lua-language-server/libexec/meta/Lua%205.4%20en-us%20utf8/table.lua
[20:54:05.908][info] [#0:script/workspace/workspace.lua:353]: Scan library at:	file:///root/.local/share/nvim/mason/packages/lua-language-server/libexec/meta/Lua%205.4%20en-us%20utf8/coroutine.lua
[20:54:05.909][info] [#0:script/workspace/workspace.lua:353]: Scan library at:	file:///root/.local/share/nvim/mason/packages/lua-language-server/libexec/meta/Lua%205.4%20en-us%20utf8/basic.lua
[20:54:05.910][info] [#0:script/workspace/workspace.lua:353]: Scan library at:	file:///root/.local/share/nvim/mason/packages/lua-language-server/libexec/meta/Lua%205.4%20en-us%20utf8/builtin.lua
[20:54:05.910][info] [#0:script/workspace/workspace.lua:353]: Scan library at:	file:///root/.local/share/nvim/mason/packages/lua-language-server/libexec/meta/Lua%205.4%20en-us%20utf8/utf8.lua
[20:54:05.910][info] [#0:script/workspace/workspace.lua:353]: Scan library at:	file:///root/.local/share/nvim/mason/packages/lua-language-server/libexec/meta/Lua%205.4%20en-us%20utf8/debug.lua
[20:54:05.910][info] [#0:script/workspace/workspace.lua:353]: Scan library at:	file:///root/.local/share/nvim/mason/packages/lua-language-server/libexec/meta/Lua%205.4%20en-us%20utf8/string.lua
[20:54:05.910][info] [#0:script/workspace/workspace.lua:353]: Scan library at:	file:///root/.local/share/nvim/mason/packages/lua-language-server/libexec/meta/Lua%205.4%20en-us%20utf8/os.lua
[20:54:05.911][info] [#0:script/workspace/workspace.lua:353]: Scan library at:	file:///root/.local/share/nvim/mason/packages/lua-language-server/libexec/meta/Lua%205.4%20en-us%20utf8/math.lua
[20:54:05.911][info] [#0:script/workspace/workspace.lua:353]: Scan library at:	file:///root/.local/share/nvim/mason/packages/lua-language-server/libexec/meta/Lua%205.4%20en-us%20utf8/io.lua
[20:54:05.911][info] [#0:script/workspace/workspace.lua:353]: Scan library at:	file:///root/.local/share/nvim/mason/packages/lua-language-server/libexec/meta/Lua%205.4%20en-us%20utf8/package.lua
[20:54:05.911][info] [#0:script/workspace/workspace.lua:353]: Scan library at:	file:///root/.local/share/nvim/mason/packages/lua-language-server/libexec/meta/Lua%205.4%20en-us%20utf8/table.lua
[20:54:05.911][info] [#0:script/workspace/workspace.lua:353]: Scan library at:	file:///root/.local/share/nvim/mason/packages/lua-language-server/libexec/meta/Lua%205.4%20en-us%20utf8/coroutine.lua
[20:54:05.912][info] [#0:script/workspace/workspace.lua:353]: Scan library at:	file:///root/.local/share/nvim/mason/packages/lua-language-server/libexec/meta/Lua%205.4%20en-us%20utf8/basic.lua
[20:54:06.012][info] [#0:script/workspace/workspace.lua:379]: Found 11 files at:	<fallback>
[20:54:06.012][info] [#0:script/workspace/loading.lua:161]: Load files from disk:	<fallback>
[20:54:06.013][info] [#0:script/workspace/workspace.lua:379]: Found 34 files at:	file:///root/.config/nvim/lua/
[20:54:06.013][info] [#0:script/workspace/loading.lua:161]: Load files from disk:	file:///root/.config/nvim/lua/
[20:54:06.016][info] [#0:script/workspace/loading.lua:101]: Preload file at: file:///root/.local/share/nvim/mason/packages/lua-language-server/libexec/meta/Lua%205.4%20en-us%20utf8/basic.lua , size = 15.377 KB
[20:54:06.051][info] [#0:script/workspace/loading.lua:113]: ++++As library of:	file:///root/.local/share/nvim/mason/packages/lua-language-server/libexec/meta/Lua%205.4%20en-us%20utf8/basic.lua
[20:54:06.052][info] [#0:script/workspace/loading.lua:101]: Preload file at: file:///root/.local/share/nvim/mason/packages/lua-language-server/libexec/meta/Lua%205.4%20en-us%20utf8/coroutine.lua , size = 2.590 KB
[20:54:06.054][info] [#0:script/workspace/loading.lua:113]: ++++As library of:	file:///root/.local/share/nvim/mason/packages/lua-language-server/libexec/meta/Lua%205.4%20en-us%20utf8/coroutine.lua
[20:54:06.054][info] [#0:script/workspace/loading.lua:98]: Skip loaded file: file:///root/.local/share/nvim/mason/packages/lua-language-server/libexec/meta/Lua%205.4%20en-us%20utf8/coroutine.lua
[20:54:06.054][info] [#0:script/workspace/loading.lua:101]: Preload file at: file:///root/.local/share/nvim/mason/packages/lua-language-server/libexec/meta/Lua%205.4%20en-us%20utf8/table.lua , size = 4.230 KB
[20:54:06.060][info] [#0:script/workspace/loading.lua:113]: ++++As library of:	file:///root/.local/share/nvim/mason/packages/lua-language-server/libexec/meta/Lua%205.4%20en-us%20utf8/table.lua
[20:54:06.060][info] [#0:script/workspace/loading.lua:98]: Skip loaded file: file:///root/.local/share/nvim/mason/packages/lua-language-server/libexec/meta/Lua%205.4%20en-us%20utf8/table.lua
[20:54:06.060][info] [#0:script/workspace/loading.lua:98]: Skip loaded file: file:///root/.local/share/nvim/mason/packages/lua-language-server/libexec/meta/Lua%205.4%20en-us%20utf8/basic.lua
[20:54:06.060][info] [#0:script/workspace/loading.lua:101]: Preload file at: file:///root/.local/share/nvim/mason/packages/lua-language-server/libexec/meta/Lua%205.4%20en-us%20utf8/package.lua , size = 2.944 KB
[20:54:06.062][info] [#0:script/workspace/loading.lua:113]: ++++As library of:	file:///root/.local/share/nvim/mason/packages/lua-language-server/libexec/meta/Lua%205.4%20en-us%20utf8/package.lua
[20:54:06.062][info] [#0:script/workspace/loading.lua:98]: Skip loaded file: file:///root/.local/share/nvim/mason/packages/lua-language-server/libexec/meta/Lua%205.4%20en-us%20utf8/package.lua
[20:54:06.062][info] [#0:script/workspace/loading.lua:101]: Preload file at: file:///root/.local/share/nvim/mason/packages/lua-language-server/libexec/meta/Lua%205.4%20en-us%20utf8/io.lua , size = 6.364 KB
[20:54:06.066][info] [#0:script/workspace/loading.lua:113]: ++++As library of:	file:///root/.local/share/nvim/mason/packages/lua-language-server/libexec/meta/Lua%205.4%20en-us%20utf8/io.lua
[20:54:06.066][info] [#0:script/workspace/loading.lua:98]: Skip loaded file: file:///root/.local/share/nvim/mason/packages/lua-language-server/libexec/meta/Lua%205.4%20en-us%20utf8/io.lua
[20:54:06.066][info] [#0:script/workspace/loading.lua:101]: Preload file at: file:///root/.local/share/nvim/mason/packages/lua-language-server/libexec/meta/Lua%205.4%20en-us%20utf8/math.lua , size = 8.509 KB
[20:54:06.073][info] [#0:script/workspace/loading.lua:113]: ++++As library of:	file:///root/.local/share/nvim/mason/packages/lua-language-server/libexec/meta/Lua%205.4%20en-us%20utf8/math.lua
[20:54:06.073][info] [#0:script/workspace/loading.lua:98]: Skip loaded file: file:///root/.local/share/nvim/mason/packages/lua-language-server/libexec/meta/Lua%205.4%20en-us%20utf8/math.lua
[20:54:06.073][info] [#0:script/workspace/loading.lua:101]: Preload file at: file:///root/.local/share/nvim/mason/packages/lua-language-server/libexec/meta/Lua%205.4%20en-us%20utf8/os.lua , size = 5.600 KB
[20:54:06.076][info] [#0:script/workspace/loading.lua:113]: ++++As library of:	file:///root/.local/share/nvim/mason/packages/lua-language-server/libexec/meta/Lua%205.4%20en-us%20utf8/os.lua
[20:54:06.076][info] [#0:script/workspace/loading.lua:98]: Skip loaded file: file:///root/.local/share/nvim/mason/packages/lua-language-server/libexec/meta/Lua%205.4%20en-us%20utf8/os.lua
[20:54:06.076][info] [#0:script/workspace/loading.lua:101]: Preload file at: file:///root/.local/share/nvim/mason/packages/lua-language-server/libexec/meta/Lua%205.4%20en-us%20utf8/string.lua , size = 6.341 KB
[20:54:06.079][info] [#0:script/workspace/loading.lua:113]: ++++As library of:	file:///root/.local/share/nvim/mason/packages/lua-language-server/libexec/meta/Lua%205.4%20en-us%20utf8/string.lua
[20:54:06.079][info] [#0:script/workspace/loading.lua:101]: Preload file at: file:///root/.local/share/nvim/mason/packages/lua-language-server/libexec/meta/Lua%205.4%20en-us%20utf8/debug.lua , size = 7.637 KB
[20:54:06.084][info] [#0:script/workspace/loading.lua:113]: ++++As library of:	file:///root/.local/share/nvim/mason/packages/lua-language-server/libexec/meta/Lua%205.4%20en-us%20utf8/debug.lua
[20:54:06.084][info] [#0:script/workspace/loading.lua:98]: Skip loaded file: file:///root/.local/share/nvim/mason/packages/lua-language-server/libexec/meta/Lua%205.4%20en-us%20utf8/string.lua
[20:54:06.084][info] [#0:script/workspace/loading.lua:98]: Skip loaded file: file:///root/.local/share/nvim/mason/packages/lua-language-server/libexec/meta/Lua%205.4%20en-us%20utf8/debug.lua
[20:54:06.084][info] [#0:script/workspace/loading.lua:101]: Preload file at: file:///root/.local/share/nvim/mason/packages/lua-language-server/libexec/meta/Lua%205.4%20en-us%20utf8/utf8.lua , size = 2.386 KB
[20:54:06.085][info] [#0:script/workspace/loading.lua:113]: ++++As library of:	file:///root/.local/share/nvim/mason/packages/lua-language-server/libexec/meta/Lua%205.4%20en-us%20utf8/utf8.lua
[20:54:06.085][info] [#0:script/workspace/loading.lua:98]: Skip loaded file: file:///root/.local/share/nvim/mason/packages/lua-language-server/libexec/meta/Lua%205.4%20en-us%20utf8/utf8.lua
[20:54:06.085][info] [#0:script/workspace/loading.lua:101]: Preload file at: file:///root/.local/share/nvim/mason/packages/lua-language-server/libexec/meta/Lua%205.4%20en-us%20utf8/builtin.lua , size = 0.302 KB
[20:54:06.086][info] [#0:script/workspace/loading.lua:113]: ++++As library of:	file:///root/.local/share/nvim/mason/packages/lua-language-server/libexec/meta/Lua%205.4%20en-us%20utf8/builtin.lua
[20:54:06.086][info] [#0:script/workspace/loading.lua:98]: Skip loaded file: file:///root/.local/share/nvim/mason/packages/lua-language-server/libexec/meta/Lua%205.4%20en-us%20utf8/builtin.lua
[20:54:06.086][info] [#0:script/workspace/loading.lua:101]: Preload file at: file:///root/.config/nvim/lua/rcplugins/gitsigns.lua , size = 0.029 KB
[20:54:06.086][info] [#0:script/workspace/loading.lua:101]: Preload file at: file:///root/.config/nvim/lua/rcplugins/rest.lua , size = 1.408 KB
[20:54:06.087][info] [#0:script/workspace/loading.lua:101]: Preload file at: file:///root/.config/nvim/lua/rcplugins/toggleterm.lua , size = 5.280 KB
[20:54:06.098][info] [#0:script/workspace/loading.lua:101]: Preload file at: file:///root/.config/nvim/lua/rcplugins/nvim_cmp.lua , size = 2.445 KB
[20:54:06.100][info] [#0:script/workspace/loading.lua:101]: Preload file at: file:///root/.config/nvim/lua/rcplugins/nvim_tree.lua , size = 0.182 KB
[20:54:06.100][info] [#0:script/workspace/loading.lua:101]: Preload file at: file:///root/.config/nvim/lua/rcplugins/lualine.lua , size = 0.097 KB
[20:54:06.100][info] [#0:script/workspace/loading.lua:101]: Preload file at: file:///root/.config/nvim/lua/rcplugins/comment.lua , size = 0.046 KB
[20:54:06.100][info] [#0:script/workspace/loading.lua:101]: Preload file at: file:///root/.config/nvim/lua/rcplugins/bufferline.lua , size = 6.322 KB
[20:54:06.103][info] [#0:script/workspace/loading.lua:101]: Preload file at: file:///root/.config/nvim/lua/rcplugins/harpoon.lua , size = 0.094 KB
[20:54:06.103][info] [#0:script/workspace/loading.lua:101]: Preload file at: file:///root/.config/nvim/lua/rcplugins/lsp/configs.lua , size = 0.896 KB
[20:54:06.104][info] [#0:script/workspace/loading.lua:101]: Preload file at: file:///root/.config/nvim/lua/rcplugins/lsp/null-ls.lua , size = 0.460 KB
[20:54:06.104][info] [#0:script/workspace/loading.lua:101]: Preload file at: file:///root/.config/nvim/lua/rcplugins/lsp/settings/lua_ls.lua , size = 0.093 KB
[20:54:06.205][info] [#0:script/workspace/loading.lua:173]: Loaded files takes [0.101] sec: <fallback>
[20:54:06.205][info] [#0:script/workspace/loading.lua:182]: Compile files takes [0.000] sec: <fallback>
[20:54:06.205][info] [#0:script/workspace/loading.lua:183]: Loaded finish:	<fallback>
[20:54:06.205][info] [#0:script/workspace/workspace.lua:381]: Preload finish at:	<fallback>
[20:54:06.215][info] [#0:script/workspace/loading.lua:101]: Preload file at: file:///root/.config/nvim/lua/rcplugins/lsp/settings/jsonls.lua , size = 5.262 KB
[20:54:06.225][info] [#0:script/workspace/loading.lua:101]: Preload file at: file:///root/.config/nvim/lua/rcplugins/lsp/handlers.lua , size = 2.913 KB
[20:54:06.232][info] [#0:script/workspace/loading.lua:101]: Preload file at: file:///root/.config/nvim/lua/rcplugins/lsp/init.lua , size = 0.189 KB
[20:54:06.233][info] [#0:script/workspace/loading.lua:101]: Preload file at: file:///root/.config/nvim/lua/rcplugins/dap/settings/dap_go.lua , size = 0.026 KB
[20:54:06.234][info] [#0:script/workspace/loading.lua:101]: Preload file at: file:///root/.config/nvim/lua/rcplugins/telescope.lua , size = 0.883 KB
[20:54:06.236][info] [#0:script/workspace/loading.lua:101]: Preload file at: file:///root/.config/nvim/lua/rcplugins/dap/init.lua , size = 0.416 KB
[20:54:06.238][info] [#0:script/workspace/loading.lua:101]: Preload file at: file:///root/.config/nvim/lua/rcplugins/treesitter.lua , size = 0.570 KB
[20:54:06.239][info] [#0:script/workspace/loading.lua:101]: Preload file at: file:///root/.config/nvim/lua/colors.lua , size = 0.097 KB
[20:54:06.240][info] [#0:script/workspace/loading.lua:101]: Preload file at: file:///root/.config/nvim/lua/plugins.lua , size = 2.707 KB
[20:54:06.243][info] [#0:script/workspace/loading.lua:101]: Preload file at: file:///root/.config/nvim/lua/options.lua , size = 1.475 KB
[20:54:06.245][info] [#0:script/workspace/loading.lua:101]: Preload file at: file:///root/.config/nvim/lua/keymaps.lua , size = 4.100 KB
[20:54:06.353][info] [#0:script/workspace/loading.lua:173]: Loaded files takes [0.148] sec: file:///root/.config/nvim/lua/
[20:54:06.353][info] [#0:script/workspace/loading.lua:182]: Compile files takes [0.000] sec: file:///root/.config/nvim/lua/
[20:54:06.353][info] [#0:script/workspace/loading.lua:183]: Loaded finish:	file:///root/.config/nvim/lua/
[20:54:06.353][info] [#0:script/workspace/workspace.lua:381]: Preload finish at:	file:///root/.config/nvim/lua/
[20:54:06.465][info] [#0:script/provider/diagnostic.lua:557]: Diagnostics scope [file:///root/.config/nvim/lua/], files count:[34]
[20:54:06.574][info] [#0:script/provider/diagnostic.lua:574]: Diagnostics scope [file:///root/.config/nvim/lua/] finished, takes [0.109] sec.
[20:54:42.654][info] [#0:script/provider/provider.lua:169]: Server shutdown.
[20:54:42.654][warn] [#0:script/pub/report.lua:25]: Load proto error:	Disconnected!
